<?xml version="1.0" encoding="UTF-8"?>
<!-- Generated by org.testng.reporters.JUnitXMLReporter -->
<testsuite ignored="0" hostname="DESKTOP-MTJKFP8" failures="0" tests="3" name="Test" time="111.79" errors="0" timestamp="2023-01-02T16:46:49 IST">
  <testcase classname="TestClass.VerifyUserCanLogin" name="VerifyUserCanLOgin" time="15.24"/>
  <testcase classname="TestClass.VerifyUserCanSearchTheProduct" name="searchProducts" time="5.283"/>
  <testcase classname="TestClass.VerifyUserCanSearchTheProduct" name="getProductPriceOfEachPage" time="34.541"/>
</testsuite> <!-- Test -->
